company_id,year,metric,computed,source,difference,category
ABB,Dec 2012,ROE,22.411128284389488,34.9,12.49,Version Difference
ABB,Mar 2014,ROE,25.12690355329949,34.9,9.77,Version Difference
ABB,Mar 2015,ROE,24.439701173959445,34.9,10.46,Version Difference
ABB,Mar 2016,ROE,21.338912133891213,34.9,13.56,Version Difference
ABB,Mar 2017,ROE,19.971160778658977,34.9,14.93,Version Difference
ABB,Mar 2018,ROE,23.685764914353218,34.9,11.21,Version Difference
ABB,Mar 2019,ROE,22.410358565737052,34.9,12.49,Version Difference
ABB,Mar 2020,ROE,24.39325380501851,34.9,10.51,Version Difference
ABB,Mar 2021,ROE,26.5564950038432,34.9,8.34,Version Difference
ABB,Mar 2022,ROE,28.333333333333332,34.9,6.57,Version Difference
ABB,Mar 2023,ROE,29.767879548306148,34.9,5.13,Version Difference
ADANIENSOL,Mar 2014,ROE,0.0,8.59,8.59,Version Difference
ADANIENSOL,Mar 2015,ROE,-0.6463527239150507,8.59,9.24,Version Difference
ADANIENSOL,Mar 2016,ROE,13.77245508982036,8.59,5.18,Version Difference
ADANIENSOL,Mar 2017,ROE,14.116050220563285,8.59,5.53,Version Difference
ADANIENSOL,Mar 2018,ROE,18.87072808320951,8.59,10.28,Version Difference
ADANIENSOL,Mar 2021,ROE,14.46350487722839,8.59,5.87,Version Difference
ADANIENT,Mar 2013,ROE,5.692652832305104,13.64,7.95,Version Difference
ADANIENT,Mar 2016,ROE,7.4749588877261175,13.64,6.17,Version Difference
ADANIENT,Mar 2017,ROE,6.543576683644596,13.64,7.1,Version Difference
ADANIENT,Mar 2018,ROE,3.936642587315263,13.64,9.7,Version Difference
ADANIENT,Mar 2019,ROE,3.429113580916238,13.64,10.21,Version Difference
ADANIENT,Mar 2020,ROE,6.136779370980115,13.64,7.5,Version Difference
ADANIENT,Mar 2021,ROE,6.0959263360335685,13.64,7.54,Version Difference
ADANIENT,Mar 2022,ROE,3.5404591813811384,13.64,10.1,Version Difference
ADANIENT,Mar 2023,ROE,7.328068742246831,13.64,6.31,Version Difference
ADANIENT,Mar 2024,ROE,8.534650424813185,13.64,5.11,Version Difference
ADANIGREEN,Mar 2017,ROE,-3.906899418121363,14.7,18.61,Version Difference
ADANIGREEN,Mar 2018,ROE,-10.290827740492169,14.7,24.99,Version Difference
ADANIGREEN,Mar 2019,ROE,-24.573202276254527,14.7,39.27,Version Difference
ADANIGREEN,Mar 2020,ROE,-2.8850233347475602,14.7,17.59,Version Difference
ADANIGREEN,Mar 2021,ROE,8.272727272727273,14.7,6.43,Version Difference
ADANIPORTS,Mar 2013,ROE,25.633406318423525,18.1,7.53,Version Difference
ADANIPORTS,Mar 2022,ROE,11.843332297171278,18.1,6.26,Version Difference
ADANIPORTS,Mar 2023,ROE,11.8773271056864,18.1,6.22,Version Difference
ADANIPOWER,Mar 2013,ROE,-53.459119496855344,57.1,110.56,Version Difference
ADANIPOWER,Mar 2014,ROE,-4.447501146263182,57.1,61.55,Version Difference
ADANIPOWER,Mar 2015,ROE,-14.253275109170305,57.1,71.35,Version Difference
ADANIPOWER,Mar 2016,ROE,7.378146759507231,57.1,49.72,Version Difference
ADANIPOWER,Mar 2017,ROE,-205.79999999999998,57.1,262.9,Version Difference
ADANIPOWER,Mar 2018,ROE,-236.55793025871765,57.1,293.66,Version Difference
ADANIPOWER,Mar 2019,ROE,-12.759336099585061,57.1,69.86,Version Difference
ADANIPOWER,Mar 2020,ROE,-35.102607622280516,57.1,92.2,Version Difference
ADANIPOWER,Mar 2021,ROE,9.685045374818882,57.1,47.41,Version Difference
ADANIPOWER,Mar 2022,ROE,26.613209080565635,57.1,30.49,Version Difference
ADANIPOWER,Mar 2023,ROE,35.90507430713616,57.1,21.19,Version Difference
ADANIPOWER,Mar 2024,ROE,48.27674122146251,57.1,8.82,Version Difference
AMBUJACEM,Dec 2012,ROE,14.686825053995682,9.24,5.45,Version Difference
AMBUJACEM,Dec 2014,ROE,14.766633565044687,9.24,5.53,Version Difference
AMBUJACEM,Dec 2021,ROE,14.636743709079436,9.24,5.4,Version Difference
APOLLOHOSP,Mar 2016,ROE,7.052821128451381,13.81,6.76,Version Difference
APOLLOHOSP,Mar 2017,ROE,3.952926976463488,13.81,9.86,Version Difference
APOLLOHOSP,Mar 2018,ROE,1.8450184501845017,13.81,11.96,Version Difference
APOLLOHOSP,Mar 2019,ROE,5.9988002399520095,13.81,7.81,Version Difference
APOLLOHOSP,Mar 2021,ROE,2.976319791440365,13.81,10.83,Version Difference
APOLLOHOSP,Mar 2022,ROE,19.704783923172684,13.81,5.89,Version Difference
ASIANPAINT,Mar 2018,ROE,24.94649227110583,31.45,6.5,Version Difference
ASIANPAINT,Mar 2019,ROE,23.3132720937599,31.45,8.14,Version Difference
ASIANPAINT,Mar 2021,ROE,25.042948617835393,31.45,6.41,Version Difference
ASIANPAINT,Mar 2022,ROE,22.335650159281784,31.45,9.11,Version Difference
ASIANPAINT,Mar 2023,ROE,26.231865932966482,31.45,5.22,Version Difference
BAJAJ-AUTO,Mar 2013,ROE,38.84686918784873,26.5,12.35,Version Difference
BAJAJ-AUTO,Mar 2014,ROE,33.24481164551982,26.5,6.74,Version Difference
BAJAJ-AUTO,Mar 2018,ROE,20.656058751529986,26.5,5.84,Version Difference
BAJAJ-AUTO,Mar 2019,ROE,21.211208195239532,26.5,5.29,Version Difference
BAJAJ-AUTO,Mar 2021,ROE,17.808821911780882,26.5,8.69,Version Difference
BAJAJ-AUTO,Mar 2022,ROE,20.650390167118793,26.5,5.85,Version Difference
BAJAJ-AUTO,Mar 2023,ROE,20.638921054424088,26.5,5.86,Version Difference
AXISBANK,Mar 2017,ROE,6.525363604114934,18.4,11.87,Version Difference
AXISBANK,Mar 2018,ROE,0.42985967262136526,18.4,17.97,Version Difference
AXISBANK,Mar 2019,ROE,6.898026606884752,18.4,11.5,Version Difference
AXISBANK,Mar 2020,ROE,1.8844104702339586,18.4,16.52,Version Difference
AXISBANK,Mar 2021,ROE,6.359441666505782,18.4,12.04,Version Difference
AXISBANK,Mar 2022,ROE,11.01377461716035,18.4,7.39,Version Difference
AXISBANK,Mar 2023,ROE,7.381666037401469,18.4,11.02,Version Difference
BAJAJFINSV,Mar 2013,ROE,28.377339143809277,11.72,16.66,Version Difference
BAJAJFINSV,Mar 2014,ROE,23.528780068728523,11.72,11.81,Version Difference
BAJAJFINSV,Mar 2015,ROE,21.724231220128054,11.72,10.0,Version Difference
BAJAJFINSV,Mar 2016,ROE,20.405912199426428,11.72,8.69,Version Difference
BAJAJFINSV,Mar 2017,ROE,21.360906445421335,11.72,9.64,Version Difference
BAJAJFINSV,Mar 2018,ROE,20.387638529512277,11.72,8.67,Version Difference
BAJAJFINSV,Mar 2019,ROE,22.636899747262003,11.72,10.92,Version Difference
BAJAJFINSV,Mar 2020,ROE,19.148936170212767,11.72,7.43,Version Difference
BAJAJFINSV,Mar 2021,ROE,20.56098241696902,11.72,8.84,Version Difference
BAJAJFINSV,Mar 2022,ROE,20.657440306109773,11.72,8.94,Version Difference
BAJAJFINSV,Mar 2023,ROE,26.310685887904846,11.72,14.59,Version Difference
BAJAJFINSV,Mar 2024,ROE,25.850351412279537,11.72,14.13,Version Difference
BAJAJHLDNG,Mar 2022,ROE,9.630736193455022,14.8,5.17,Version Difference
BAJFINANCE,Mar 2018,ROE,15.749621403331652,22.1,6.35,Version Difference
BAJFINANCE,Mar 2020,ROE,16.283098243009157,22.1,5.82,Version Difference
BAJFINANCE,Mar 2021,ROE,11.972479549271359,22.1,10.13,Version Difference
BAJFINANCE,Mar 2022,ROE,16.07759705350811,22.1,6.02,Version Difference
BANKBARODA,Mar 2015,ROE,9.400733019182256,16.7,7.3,Version Difference
BANKBARODA,Mar 2016,ROE,-11.841517069383338,16.7,28.54,Version Difference
BANKBARODA,Mar 2017,ROE,4.307242204007709,16.7,12.39,Version Difference
BANKBARODA,Mar 2018,ROE,-3.9427908774642444,16.7,20.64,Version Difference
BANKBARODA,Mar 2019,ROE,2.1201541930322207,16.7,14.58,Version Difference
BANKBARODA,Mar 2020,ROE,1.2890255439924314,16.7,15.41,Version Difference
BANKBARODA,Mar 2021,ROE,1.9662580410243962,16.7,14.73,Version Difference
BANKBARODA,Mar 2022,ROE,8.635121749447583,16.7,8.06,Version Difference
BHARTIARTL,Mar 2013,ROE,4.50498787806526,14.9,10.4,Version Difference
BHARTIARTL,Mar 2014,ROE,5.05221233014258,14.9,9.85,Version Difference
BHARTIARTL,Mar 2017,ROE,6.286967994426079,14.9,8.61,Version Difference
BHARTIARTL,Mar 2018,ROE,3.1408643129359315,14.9,11.76,Version Difference
BHARTIARTL,Mar 2019,ROE,2.3633843439788302,14.9,12.54,Version Difference
BHARTIARTL,Mar 2020,ROE,-39.748525503921186,14.9,54.65,Version Difference
BHARTIARTL,Mar 2021,ROE,-20.972639221074417,14.9,35.87,Version Difference
BEL,Mar 2013,ROE,15183.333333333334,26.3,15157.03,Version Difference
BEL,Mar 2014,ROE,13600.0,26.3,13573.7,Version Difference
BEL,Mar 2015,ROE,17100.0,26.3,17073.7,Version Difference
BEL,Mar 2016,ROE,11141.666666666668,26.3,11115.37,Version Difference
BEL,Mar 2017,ROE,10153.333333333334,26.3,10127.03,Version Difference
BEL,Mar 2018,ROE,4616.129032258064,26.3,4589.83,Version Difference
BEL,Mar 2019,ROE,3851.020408163265,26.3,3824.72,Version Difference
BEL,Mar 2020,ROE,3318.181818181818,26.3,3291.88,Version Difference
BEL,Mar 2021,ROE,3559.322033898305,26.3,3533.02,Version Difference
BEL,Mar 2022,ROE,3478.260869565217,26.3,3451.96,Version Difference
BEL,Mar 2023,ROE,3981.333333333333,26.3,3955.03,Version Difference
BEL,Mar 2024,ROE,4744.047619047619,26.3,4717.75,Version Difference
BHEL,Mar 2013,ROE,21.90906412648532,1.05,20.86,Version Difference
BHEL,Mar 2014,ROE,10.557414609146544,1.05,9.51,Version Difference
BHEL,Mar 2020,ROE,-5.12212142358688,1.05,6.17,Version Difference
BHEL,Mar 2021,ROE,-10.391409767925182,1.05,11.44,Version Difference
BOSCHLTD,Mar 2020,ROE,7.011866235167206,16.0,8.99,Version Difference
BOSCHLTD,Mar 2021,ROE,4.9068512674335745,16.0,11.09,Version Difference
BPCL,Mar 2013,ROE,11.540983606557377,41.9,30.36,Version Difference
BPCL,Mar 2014,ROE,20.848765432098766,41.9,21.05,Version Difference
BPCL,Mar 2015,ROE,22.524598883077743,41.9,19.38,Version Difference
BPCL,Mar 2016,ROE,29.103403612290425,41.9,12.8,Version Difference
BPCL,Mar 2017,ROE,30.847853596807163,41.9,11.05,Version Difference
BPCL,Mar 2018,ROE,26.740216827330077,41.9,15.16,Version Difference
BPCL,Mar 2019,ROE,21.999226106023475,41.9,19.9,Version Difference
BPCL,Mar 2020,ROE,10.035037775101282,41.9,31.86,Version Difference
BPCL,Mar 2021,ROE,32.340584445896745,41.9,9.56,Version Difference
BPCL,Mar 2022,ROE,22.50650226375108,41.9,19.39,Version Difference
BPCL,Mar 2023,ROE,3.9815403011845594,41.9,37.92,Version Difference
BPCL,Mar 2024,ROE,35.511337343822305,41.9,6.39,Version Difference
BRITANNIA,Mar 2013,ROE,46.59498207885305,57.1,10.51,Version Difference
BRITANNIA,Mar 2014,ROE,49.49874686716792,57.1,7.6,Version Difference
BRITANNIA,Mar 2016,ROE,39.4359464627151,57.1,17.66,Version Difference
BRITANNIA,Mar 2017,ROE,32.826409495548965,57.1,24.27,Version Difference
BRITANNIA,Mar 2018,ROE,29.47739283617146,57.1,27.62,Version Difference
BRITANNIA,Mar 2019,ROE,27.157300728897248,57.1,29.94,Version Difference
BRITANNIA,Mar 2020,ROE,31.66023166023166,57.1,25.44,Version Difference
BRITANNIA,Mar 2023,ROE,65.53480475382003,57.1,8.43,Version Difference
CANBK,Mar 2013,ROE,11.896250397203687,17.9,6.0,Version Difference
CANBK,Mar 2014,ROE,8.854718981972429,17.9,9.05,Version Difference
CANBK,Mar 2015,ROE,9.020682014034225,17.9,8.88,Version Difference
CANBK,Mar 2016,ROE,-7.821659981487196,17.9,25.72,Version Difference
CANBK,Mar 2017,ROE,4.06804093988756,17.9,13.83,Version Difference
CANBK,Mar 2018,ROE,-10.496788356776973,17.9,28.4,Version Difference
CANBK,Mar 2019,ROE,1.8466926689484995,17.9,16.05,Version Difference
CANBK,Mar 2020,ROE,-4.661942435567636,17.9,22.56,Version Difference
CANBK,Mar 2021,ROE,4.73802275276398,17.9,13.16,Version Difference
CANBK,Mar 2022,ROE,8.802046854676176,17.9,9.1,Version Difference
CHOLAFIN,Mar 2020,ROE,12.853658536585366,20.2,7.35,Version Difference
CIPLA,Mar 2015,ROE,11.377522680985003,16.8,5.42,Version Difference
CIPLA,Mar 2017,ROE,8.250956632653061,16.8,8.55,Version Difference
CIPLA,Mar 2018,ROE,9.958535385480358,16.8,6.84,Version Difference
CIPLA,Mar 2019,ROE,9.938715694111377,16.8,6.86,Version Difference
CIPLA,Mar 2020,ROE,9.515955084692001,16.8,7.28,Version Difference
COALINDIA,Mar 2013,ROE,35.80623865324311,52.0,16.19,Version Difference
COALINDIA,Mar 2014,ROE,35.63814734459013,52.0,16.36,Version Difference
COALINDIA,Mar 2015,ROE,34.01729735087849,52.0,17.98,Version Difference
COALINDIA,Mar 2016,ROE,40.95828668216921,52.0,11.04,Version Difference
COALINDIA,Mar 2017,ROE,37.84974304592544,52.0,14.15,Version Difference
COALINDIA,Mar 2018,ROE,34.87957181088314,52.0,17.12,Version Difference
COALINDIA,Mar 2019,ROE,66.01398601398601,52.0,14.01,Version Difference
COALINDIA,Mar 2021,ROE,34.78284681526918,52.0,17.22,Version Difference
COALINDIA,Mar 2022,ROE,40.27999907285075,52.0,11.72,Version Difference
COALINDIA,Mar 2024,ROE,45.16982956605826,52.0,6.83,Version Difference
DABUR,Mar 2013,ROE,36.563245823389025,19.2,17.36,Version Difference
DABUR,Mar 2014,ROE,34.48795180722892,19.2,15.29,Version Difference
DABUR,Mar 2015,ROE,31.84257602862254,19.2,12.64,Version Difference
DABUR,Mar 2016,ROE,30.064732678014867,19.2,10.86,Version Difference
DABUR,Mar 2017,ROE,26.408087476789767,19.2,7.21,Version Difference
DABUR,Mar 2019,ROE,25.67471590909091,19.2,6.47,Version Difference
DIVISLAB,Mar 2013,ROE,24.070371851259495,12.2,11.87,Version Difference
DIVISLAB,Mar 2014,ROE,26.07962213225371,12.2,13.88,Version Difference
DIVISLAB,Mar 2015,ROE,24.37070938215103,12.2,12.17,Version Difference
DIVISLAB,Mar 2016,ROE,26.22874446773818,12.2,14.03,Version Difference
DIVISLAB,Mar 2017,ROE,19.787194325182007,12.2,7.59,Version Difference
DIVISLAB,Mar 2019,ROE,19.448037947391118,12.2,7.25,Version Difference
DIVISLAB,Mar 2020,ROE,18.83720930232558,12.2,6.64,Version Difference
DIVISLAB,Mar 2021,ROE,21.34480903711673,12.2,9.14,Version Difference
DIVISLAB,Mar 2022,ROE,25.2387448840382,12.2,13.04,Version Difference
DLF,Mar 2015,ROE,1.8524608133289489,6.95,5.1,Version Difference
DLF,Mar 2016,ROE,1.2671901616186798,6.95,5.68,Version Difference
DLF,Mar 2018,ROE,12.678768655659708,6.95,5.73,Version Difference
DLF,Mar 2020,ROE,-1.7127761488663744,6.95,8.66,Version Difference
DMART,Mar 2016,ROE,21.038790269559502,14.5,6.54,Version Difference
DMART,Mar 2021,ROE,9.020026263952726,14.5,5.48,Version Difference
DRREDDY,Mar 2017,ROE,10.536617191322787,21.4,10.86,Version Difference
DRREDDY,Mar 2018,ROE,7.532612153993,21.4,13.87,Version Difference
DRREDDY,Mar 2019,ROE,13.904734740444951,21.4,7.5,Version Difference
DRREDDY,Mar 2020,ROE,12.988012052054618,21.4,8.41,Version Difference
DRREDDY,Mar 2021,ROE,11.06513236211099,21.4,10.33,Version Difference
DRREDDY,Mar 2022,ROE,11.35748490526754,21.4,10.04,Version Difference
EICHERMOT,Mar 2016,ROE,36.627429509991785,24.2,12.43,Version Difference
EICHERMOT,Mar 2017,ROE,31.18802619270346,24.2,6.99,Version Difference
EICHERMOT,Mar 2020,ROE,18.30477908025248,24.2,5.9,Version Difference
EICHERMOT,Mar 2021,ROE,11.776534359153699,24.2,12.42,Version Difference
EICHERMOT,Mar 2022,ROE,13.301078680203046,24.2,10.9,Version Difference
GAIL,Mar 2016,ROE,5.147927368623465,14.0,8.85,Version Difference
GAIL,Mar 2017,ROE,8.584149599287622,14.0,5.42,Version Difference
GAIL,Mar 2020,ROE,19.31273849151579,14.0,5.31,Version Difference
GAIL,Mar 2022,ROE,19.19081635836167,14.0,5.19,Version Difference
GAIL,Mar 2023,ROE,8.61891046868021,14.0,5.38,Version Difference
GODREJCP,Mar 2013,ROE,25.505584062782976,6.77,18.74,Version Difference
GODREJCP,Mar 2014,ROE,21.695364238410598,6.77,14.93,Version Difference
GODREJCP,Mar 2015,ROE,22.639758756668986,6.77,15.87,Version Difference
GODREJCP,Mar 2016,ROE,19.475041012420906,6.77,12.71,Version Difference
GODREJCP,Mar 2017,ROE,24.669935873255376,6.77,17.9,Version Difference
GODREJCP,Mar 2018,ROE,26.110578459571748,6.77,19.34,Version Difference
GODREJCP,Mar 2019,ROE,32.22787945507087,6.77,25.46,Version Difference
GODREJCP,Mar 2020,ROE,18.95416561154723,6.77,12.18,Version Difference
GODREJCP,Mar 2021,ROE,18.23286365081047,6.77,11.46,Version Difference
GODREJCP,Mar 2022,ROE,15.429214260989962,6.77,8.66,Version Difference
GODREJCP,Mar 2023,ROE,12.338697984630999,6.77,5.57,Version Difference
GODREJCP,Mar 2024,ROE,-4.45308779171297,6.77,11.22,Version Difference
GRASIM,Mar 2013,ROE,19.219616421630974,6.9,12.32,Version Difference
GRASIM,Mar 2014,ROE,13.66643534582466,6.9,6.77,Version Difference
GRASIM,Mar 2016,ROE,12.596157351708046,6.9,5.7,Version Difference
GRASIM,Mar 2017,ROE,13.527893713958008,6.9,6.63,Version Difference
GRASIM,Mar 2022,ROE,14.803365962562253,6.9,7.9,Version Difference
GRASIM,Mar 2023,ROE,14.068730791699474,6.9,7.17,Version Difference
HAL,Mar 2017,ROE,1966.9172932330828,28.9,1938.02,Version Difference
HAL,Mar 2018,ROE,1528.4615384615386,28.9,1499.56,Version Difference
HAL,Mar 2019,ROE,1763.9097744360904,28.9,1735.01,Version Difference
HAL,Mar 2020,ROE,2059.4202898550725,28.9,2030.52,Version Difference
HAL,Mar 2021,ROE,2249.3055555555557,28.9,2220.41,Version Difference
HAL,Mar 2022,ROE,3324.183006535948,28.9,3295.28,Version Difference
HAL,Mar 2023,ROE,3283.050847457627,28.9,3254.15,Version Difference
HAL,Mar 2024,ROE,3816.5829145728644,28.9,3787.68,Version Difference
HAVELLS,Mar 2013,ROE,40.29126213592233,18.0,22.29,Version Difference
HAVELLS,Mar 2014,ROE,26.770708283313326,18.0,8.77,Version Difference
HAVELLS,Mar 2016,ROE,42.94681202510737,18.0,24.95,Version Difference
HCLTECH,Jun 2013,ROE,30.689759951382555,23.3,7.39,Version Difference
HCLTECH,Jun 2014,ROE,33.39130434782609,23.3,10.09,Version Difference
HCLTECH,Jun 2015,ROE,30.30878467635403,23.3,7.01,Version Difference
HDFCLIFE,Mar 2013,ROE,33.43305908750935,11.4,22.03,Version Difference
HDFCLIFE,Mar 2014,ROE,37.60373443983403,11.4,26.2,Version Difference
HDFCLIFE,Mar 2015,ROE,30.932703659976386,11.4,19.53,Version Difference
HDFCLIFE,Mar 2016,ROE,26.32935868514341,11.4,14.93,Version Difference
HDFCLIFE,Mar 2017,ROE,23.183481442760062,11.4,11.78,Version Difference
HDFCLIFE,Mar 2018,ROE,23.52816153028693,11.4,12.13,Version Difference
HDFCLIFE,Mar 2019,ROE,22.651542006380716,11.4,11.25,Version Difference
HDFCLIFE,Mar 2020,ROE,19.05391508741002,11.4,7.65,Version Difference
HEROMOTOCO,Mar 2014,ROE,37.38218033078428,22.0,15.38,Version Difference
HEROMOTOCO,Mar 2015,ROE,36.14678899082569,22.0,14.15,Version Difference
HEROMOTOCO,Mar 2016,ROE,35.22752999773602,22.0,13.23,Version Difference
HEROMOTOCO,Mar 2017,ROE,34.373788290034895,22.0,12.37,Version Difference
HEROMOTOCO,Mar 2018,ROE,31.089208152355496,22.0,9.09,Version Difference
HEROMOTOCO,Mar 2022,ROE,14.696788035590332,22.0,7.3,Version Difference
HEROMOTOCO,Mar 2023,ROE,16.810758885686838,22.0,5.19,Version Difference
HINDALCO,Mar 2015,ROE,0.6757285606198962,10.2,9.52,Version Difference
HINDALCO,Mar 2016,ROE,-1.7286808342978157,10.2,11.93,Version Difference
HINDALCO,Mar 2017,ROE,4.086063527215094,10.2,6.11,Version Difference
HINDALCO,Mar 2022,ROE,17.559565678914453,10.2,7.36,Version Difference
HINDUNILVR,Mar 2013,ROE,133.99650959860384,20.2,113.8,Version Difference
HINDUNILVR,Mar 2014,ROE,111.84619734238055,20.2,91.65,Version Difference
HINDUNILVR,Mar 2015,ROE,108.66650111745717,20.2,88.47,Version Difference
HINDUNILVR,Mar 2016,ROE,63.15228966986155,20.2,42.95,Version Difference
HINDUNILVR,Mar 2017,ROE,66.57769869513642,20.2,46.38,Version Difference
HINDUNILVR,Mar 2018,ROE,71.78958934212334,20.2,51.59,Version Difference
HINDUNILVR,Mar 2019,ROE,77.03063429515699,20.2,56.83,Version Difference
HINDUNILVR,Mar 2020,ROE,82.09989063069631,20.2,61.9,Version Difference
ICICIBANK,Mar 2016,ROE,11.610757509749126,18.8,7.19,Version Difference
ICICIBANK,Mar 2017,ROE,10.837984555394144,18.8,7.96,Version Difference
ICICIBANK,Mar 2018,ROE,8.225616921269095,18.8,10.57,Version Difference
ICICIBANK,Mar 2019,ROE,4.979300324717951,18.8,13.82,Version Difference
ICICIBANK,Mar 2020,ROE,9.128985035783995,18.8,9.67,Version Difference
ICICIBANK,Mar 2021,ROE,12.922385729787356,18.8,5.88,Version Difference
ICICIPRULI,Mar 2013,ROE,38.24791719262812,8.07,30.18,Version Difference
ICICIPRULI,Mar 2014,ROE,35.614875655943415,8.07,27.54,Version Difference
ICICIPRULI,Mar 2015,ROE,31.14909781576448,8.07,23.08,Version Difference
ICICIPRULI,Mar 2016,ROE,30.99755776817584,8.07,22.93,Version Difference
ICICIPRULI,Mar 2017,ROE,26.256634405245084,8.07,18.19,Version Difference
ICICIPRULI,Mar 2018,ROE,24.627319744447824,8.07,16.56,Version Difference
ICICIPRULI,Mar 2019,ROE,16.57691747926066,8.07,8.51,Version Difference
ICICIPRULI,Mar 2020,ROE,14.792735338971303,8.07,6.72,Version Difference
INDUSINDBK,Mar 2021,ROE,6.5398362734924484,15.2,8.66,Version Difference
INDUSINDBK,Mar 2022,ROE,9.667071994632899,15.2,5.53,Version Difference
INFY,Mar 2013,ROE,24.81707638048113,31.8,6.98,Version Difference
INFY,Mar 2014,ROE,23.92993487536492,31.8,7.87,Version Difference
INFY,Mar 2015,ROE,24.385052034058656,31.8,7.41,Version Difference
INFY,Mar 2016,ROE,21.84665716506867,31.8,9.95,Version Difference
INFY,Mar 2017,ROE,20.80687715635963,31.8,10.99,Version Difference
INFY,Mar 2018,ROE,24.689247262141308,31.8,7.11,Version Difference
INFY,Mar 2019,ROE,23.726673646609594,31.8,8.07,Version Difference
INFY,Mar 2020,ROE,25.422459893048128,31.8,6.38,Version Difference
INFY,Mar 2021,ROE,25.43909051616875,31.8,6.36,Version Difference
IOC,Mar 2013,ROE,5.753763662610847,25.44,19.69,Version Difference
IOC,Mar 2014,ROE,10.258713353849778,25.44,15.18,Version Difference
IOC,Mar 2015,ROE,7.078103207810321,25.44,18.36,Version Difference
IOC,Mar 2016,ROE,13.79528784174261,25.44,11.64,Version Difference
IOC,Mar 2017,ROE,19.966502115655853,25.44,5.47,Version Difference
IOC,Mar 2018,ROE,19.869329258654304,25.44,5.57,Version Difference
IOC,Mar 2019,ROE,15.358898896584835,25.44,10.08,Version Difference
IOC,Mar 2020,ROE,-1.9664982494391918,25.44,27.41,Version Difference
IOC,Mar 2021,ROE,19.458502476796795,25.44,5.98,Version Difference
IOC,Mar 2022,ROE,19.266110008611975,25.44,6.17,Version Difference
IOC,Mar 2023,ROE,8.37669355358178,25.44,17.06,Version Difference
IRCTC,Mar 2015,ROE,29.504504504504503,40.4,10.9,Version Difference
IRCTC,Mar 2016,ROE,34.87084870848708,40.4,5.53,Version Difference
IRCTC,Mar 2017,ROE,29.09783989834816,40.4,11.3,Version Difference
IRCTC,Mar 2018,ROE,23.141361256544503,40.4,17.26,Version Difference
IRCTC,Mar 2019,ROE,28.851540616246496,40.4,11.55,Version Difference
IRCTC,Mar 2021,ROE,12.843406593406591,40.4,27.56,Version Difference
IRCTC,Mar 2022,ROE,35.294117647058826,40.4,5.11,Version Difference
IRCTC,Mar 2024,ROE,34.39628482972136,40.4,6.0,Version Difference
IRFC,Mar 2016,ROE,7.366594360086768,13.7,6.33,Version Difference
IRFC,Mar 2017,ROE,7.7775002081772,13.7,5.92,Version Difference
ITC,Mar 2016,ROE,22.261012183692596,29.47,7.21,Version Difference
ITC,Mar 2017,ROE,22.57341693060134,29.47,6.9,Version Difference
ITC,Mar 2018,ROE,21.88725956960579,29.47,7.58,Version Difference
ITC,Mar 2019,ROE,21.70406317106576,29.47,7.77,Version Difference
ITC,Mar 2020,ROE,23.88889740015014,29.47,5.58,Version Difference
ITC,Mar 2021,ROE,22.17674449434106,29.47,7.29,Version Difference
JINDALSTEL,Mar 2014,ROE,8.385670057496682,14.1,5.71,Version Difference
JINDALSTEL,Mar 2015,ROE,-6.900484744796122,14.1,21.0,Version Difference
JINDALSTEL,Mar 2016,ROE,-9.517203107658158,14.1,23.62,Version Difference
JINDALSTEL,Mar 2017,ROE,-8.44564240790656,14.1,22.55,Version Difference
JINDALSTEL,Mar 2018,ROE,-5.3184136909659365,14.1,19.42,Version Difference
JINDALSTEL,Mar 2019,ROE,-7.517531556802244,14.1,21.62,Version Difference
JINDALSTEL,Mar 2020,ROE,-1.2446712512057752,14.1,15.34,Version Difference
JSWENERGY,Mar 2013,ROE,14.522888459058672,8.4,6.12,Version Difference
JSWENERGY,Mar 2015,ROE,18.063314711359403,8.4,9.66,Version Difference
JSWENERGY,Mar 2016,ROE,15.045342126957955,8.4,6.65,Version Difference
JSWENERGY,Mar 2018,ROE,0.7650765076507651,8.4,7.63,Version Difference
JSWSTEEL,Mar 2013,ROE,5.443891004980955,11.66,6.22,Version Difference
JSWSTEEL,Mar 2014,ROE,1.8985548313969962,11.66,9.76,Version Difference
JSWSTEEL,Mar 2016,ROE,-2.536117262469683,11.66,14.2,Version Difference
JSWSTEEL,Mar 2018,ROE,21.83370240731481,11.66,10.17,Version Difference
JSWSTEEL,Mar 2019,ROE,21.623796522488863,11.66,9.96,Version Difference
JSWSTEEL,Mar 2021,ROE,16.835600034214355,11.66,5.18,Version Difference
JSWSTEEL,Mar 2022,ROE,31.112828209281247,11.66,19.45,Version Difference
JSWSTEEL,Mar 2023,ROE,6.300327269959662,11.66,5.36,Version Difference
LICI,Mar 2019,ROE,324.32098765432096,63.61,260.71,Version Difference
LICI,Mar 2020,ROE,270.45908183632736,63.61,206.85,Version Difference
LICI,Mar 2021,ROE,43.201626961069145,63.61,20.41,Version Difference
LICI,Mar 2022,ROE,36.38207796789557,63.61,27.23,Version Difference
LICI,Mar 2023,ROE,77.85997015119071,63.61,14.25,Version Difference
LICI,Mar 2024,ROE,49.44710986501021,63.61,14.16,Version Difference
LODHA,Mar 2016,ROE,17.694437452806444,10.7,6.99,Version Difference
LODHA,Mar 2019,ROE,42.80135381411091,10.7,32.1,Version Difference
LODHA,Mar 2020,ROE,16.300527240773285,10.7,5.6,Version Difference
LODHA,Mar 2021,ROE,1.0437051532941943,10.7,9.66,Version Difference
LODHA,Mar 2023,ROE,3.8695411829740185,10.7,6.83,Version Difference
LT,Mar 2013,ROE,395.1456310679612,10.49,384.66,Version Difference
LT,Mar 2014,ROE,303.41614906832297,10.49,292.93,Version Difference
LT,Mar 2015,ROE,245.11352418558738,10.49,234.62,Version Difference
LT,Mar 2016,ROE,216.09411764705882,10.49,205.6,Version Difference
LT,Mar 2017,ROE,206.29770992366412,10.49,195.81,Version Difference
LT,Mar 2018,ROE,207.3575129533679,10.49,196.87,Version Difference
LT,Mar 2019,ROE,208.80850194154914,10.49,198.32,Version Difference
LT,Mar 2020,ROE,201.59141376757955,10.49,191.1,Version Difference
LT,Mar 2021,ROE,176.90306681270536,10.49,166.41,Version Difference
LT,Mar 2022,ROE,72.92133258678611,10.49,62.43,Version Difference
LT,Mar 2023,ROE,75.52434908389586,10.49,65.03,Version Difference
LT,Mar 2024,ROE,77.66510140873214,10.49,67.18,Version Difference
LTIM,Mar 2013,ROE,41.97162061239731,26.04,15.93,Version Difference
LTIM,Mar 2014,ROE,61.86335403726708,26.04,35.82,Version Difference
LTIM,Mar 2015,ROE,37.95656465942744,26.04,11.92,Version Difference
LTIM,Mar 2016,ROE,39.34117647058824,26.04,13.3,Version Difference
M&M,Mar 2020,ROE,-0.8031224198754034,17.99,18.79,Version Difference
M&M,Mar 2021,ROE,3.636188735510557,17.99,14.35,Version Difference
MARUTI,Mar 2021,ROE,8.359840764937811,15.75,7.39,Version Difference
MARUTI,Mar 2022,ROE,7.012090434279725,15.75,8.74,Version Difference
MOTHERSON,Mar 2013,ROE,19.746614242027086,11.8,7.95,Version Difference
MOTHERSON,Mar 2014,ROE,37.07333558634674,11.8,25.27,Version Difference
MOTHERSON,Mar 2015,ROE,38.86883273164862,11.8,27.07,Version Difference
MOTHERSON,Mar 2016,ROE,40.34569024334774,11.8,28.55,Version Difference
MOTHERSON,Mar 2017,ROE,26.25725338491296,11.8,14.46,Version Difference
MOTHERSON,Mar 2018,ROE,22.865236746256574,11.8,11.07,Version Difference
MOTHERSON,Mar 2019,ROE,19.13709750980571,11.8,7.34,Version Difference
MOTHERSON,Mar 2022,ROE,5.741208470953954,11.8,6.06,Version Difference
NAUKRI,Mar 2013,ROE,12.5,2.44,10.06,Version Difference
NAUKRI,Mar 2014,ROE,8.928571428571429,2.44,6.49,Version Difference
NAUKRI,Mar 2016,ROE,7.647440051847052,2.44,5.21,Version Difference
NAUKRI,Mar 2017,ROE,-2.701005025125628,2.44,5.14,Version Difference
NAUKRI,Mar 2018,ROE,24.49877750611247,2.44,22.06,Version Difference
NAUKRI,Mar 2019,ROE,23.27959103421156,2.44,20.84,Version Difference
NAUKRI,Mar 2020,ROE,-11.207289293849659,2.44,13.65,Version Difference
NAUKRI,Mar 2021,ROE,26.278724981467754,2.44,23.84,Version Difference
NAUKRI,Mar 2022,ROE,74.71291033522793,2.44,72.27,Version Difference
NESTLEIND,Dec 2013,ROE,47.170608108108105,135.61,88.44,Version Difference
NESTLEIND,Dec 2014,ROE,41.76947479732112,135.61,93.84,Version Difference
NESTLEIND,Dec 2015,ROE,19.985800496982606,135.61,115.62,Version Difference
NESTLEIND,Dec 2016,ROE,30.499695307739184,135.61,105.11,Version Difference
NESTLEIND,Dec 2017,ROE,35.8187134502924,135.61,99.79,Version Difference
NESTLEIND,Dec 2018,ROE,43.75170160631636,135.61,91.86,Version Difference
NESTLEIND,Dec 2019,ROE,102.60688216892598,135.61,33.0,Version Difference
NESTLEIND,Dec 2020,ROE,103.12035661218424,135.61,32.49,Version Difference
NESTLEIND,Dec 2021,ROE,108.83864337101747,135.61,26.77,Version Difference
NESTLEIND,Dec 2022,ROE,97.23464823098821,135.61,38.38,Version Difference
NESTLEIND,Dec 2023,ROE,121.96014640097602,135.61,13.65,Version Difference
NESTLEIND,Mar 2024,ROE,117.75449101796407,135.61,17.86,Version Difference
ONGC,Mar 2016,ROE,6.623393693065202,14.32,7.7,Version Difference
ONGC,Mar 2020,ROE,5.585459084171932,14.32,8.73,Version Difference
PFC,Mar 2017,ROE,6.068666033383091,19.49,13.42,Version Difference
PFC,Mar 2019,ROE,26.824558052672902,19.49,7.33,Version Difference
PFC,Mar 2021,ROE,25.86272154294272,19.49,6.37,Version Difference
PFC,Mar 2022,ROE,26.18449690272895,19.49,6.69,Version Difference
PFC,Mar 2023,ROE,25.165759642577058,19.49,5.68,Version Difference
PFC,Mar 2024,ROE,26.1609340860332,19.49,6.67,Version Difference
PIDILITIND,Mar 2016,ROE,30.591357088703564,22.8,7.79,Version Difference
PNB,Mar 2013,ROE,812.2977346278317,8.7,803.6,Version Difference
PNB,Mar 2014,ROE,393.3618843683083,8.7,384.66,Version Difference
PNB,Mar 2015,ROE,223.2425585813806,8.7,214.54,Version Difference
PNB,Mar 2016,ROE,-163.56011183597388,8.7,172.26,Version Difference
PNB,Mar 2017,ROE,22.212262459662963,8.7,13.51,Version Difference
PNB,Mar 2018,ROE,-184.36596133353632,8.7,193.07,Version Difference
PNB,Mar 2019,ROE,-128.4465366509751,8.7,137.15,Version Difference
PNB,Mar 2021,ROE,30.393594225780983,8.7,21.69,Version Difference
PNB,Mar 2022,ROE,39.87348229772472,8.7,31.17,Version Difference
PNB,Mar 2023,ROE,30.667397060166163,8.7,21.97,Version Difference
PNB,Mar 2024,ROE,61.320565191187306,8.7,52.62,Version Difference
POWERGRID,Mar 2014,ROE,13.107383710876707,19.0,5.89,Version Difference
POWERGRID,Mar 2015,ROE,13.127292593459766,19.0,5.87,Version Difference
POWERGRID,Mar 2016,ROE,13.552422105981352,19.0,5.45,Version Difference
RECLTD,Mar 2018,ROE,13.658401865717442,22.2,8.54,Version Difference
RECLTD,Mar 2019,ROE,16.618421814392402,22.2,5.58,Version Difference
RECLTD,Mar 2020,ROE,14.046388111986891,22.2,8.15,Version Difference
SBILIFE,Mar 2013,ROE,23.026315789473685,12.0,11.03,Version Difference
SBILIFE,Mar 2014,ROE,21.69249106078665,12.0,9.69,Version Difference
SBILIFE,Mar 2015,ROE,20.09368836291913,12.0,8.09,Version Difference
SBILIFE,Mar 2016,ROE,17.832241707162478,12.0,5.83,Version Difference
SBILIFE,Mar 2017,ROE,17.201008645533143,12.0,5.2,Version Difference
SBILIFE,Mar 2018,ROE,17.61642156862745,12.0,5.62,Version Difference
SBILIFE,Mar 2019,ROE,17.51583949313622,12.0,5.52,Version Difference
SHREECEM,Jun 2013,ROE,26.11862643080125,12.2,13.92,Version Difference
SHREECEM,Mar 2017,ROE,17.394128345024683,12.2,5.19,Version Difference
SHRIRAMFIN,Mar 2022,ROE,10.427284920482851,15.9,5.47,Version Difference
SIEMENS,Sep 2014,ROE,13.782857142857145,19.1,5.32,Version Difference
SIEMENS,Sep 2016,ROE,42.83404380420402,19.1,23.73,Version Difference
SIEMENS,Sep 2018,ROE,10.85672972647307,19.1,8.24,Version Difference
SIEMENS,Sep 2019,ROE,12.144988396507902,19.1,6.96,Version Difference
SIEMENS,Sep 2020,ROE,8.1015592077539,19.1,11.0,Version Difference
SIEMENS,Sep 2021,ROE,10.52478979414323,19.1,8.58,Version Difference
SIEMENS,Sep 2022,ROE,13.290267011197244,19.1,5.81,Version Difference
SUNPHARMA,Mar 2013,ROE,23.142094729819878,16.7,6.44,Version Difference
SUNPHARMA,Mar 2018,ROE,6.634650519392389,16.7,10.07,Version Difference
SUNPHARMA,Mar 2019,ROE,7.747108116593012,16.7,8.95,Version Difference
SUNPHARMA,Mar 2020,ROE,9.216834198608197,16.7,7.48,Version Difference
SUNPHARMA,Mar 2021,ROE,4.889912403417773,16.7,11.81,Version Difference
SUNPHARMA,Mar 2022,ROE,7.0587990252233865,16.7,9.64,Version Difference
TATACONSUM,Mar 2016,ROE,-0.5922842964623019,8.32,8.91,Version Difference
TATAMOTORS,Mar 2013,ROE,26.505832026994714,49.4,22.89,Version Difference
TATAMOTORS,Mar 2014,ROE,21.416377050179864,49.4,27.98,Version Difference
TATAMOTORS,Mar 2015,ROE,25.013330489495573,49.4,24.39,Version Difference
TATAMOTORS,Mar 2016,ROE,14.791265579086026,49.4,34.61,Version Difference
TATAMOTORS,Mar 2017,ROE,13.015397333884469,49.4,36.38,Version Difference
TATAMOTORS,Mar 2018,ROE,9.526554051221863,49.4,39.87,Version Difference
TATAMOTORS,Mar 2019,ROE,-47.73093604081158,49.4,97.13,Version Difference
TATAMOTORS,Mar 2020,ROE,-18.984131010320393,49.4,68.38,Version Difference
TATAMOTORS,Mar 2021,ROE,-24.245660397849658,49.4,73.65,Version Difference
TATAMOTORS,Mar 2022,ROE,-25.378694374004173,49.4,74.78,Version Difference
TATAMOTORS,Mar 2023,ROE,5.935307356250828,49.4,43.46,Version Difference
TATAMOTORS,Mar 2024,ROE,37.45613415294755,49.4,11.94,Version Difference
TATAPOWER,Mar 2013,ROE,0.9971625456019456,11.3,10.3,Version Difference
TATAPOWER,Mar 2014,ROE,0.0967663898072736,11.3,11.2,Version Difference
TATAPOWER,Mar 2015,ROE,3.1917865623690456,11.3,8.11,Version Difference
TATASTEEL,Mar 2013,ROE,-21.280580592297788,6.55,27.83,Version Difference
TATASTEEL,Mar 2015,ROE,-12.564994098695333,6.55,19.11,Version Difference
TATASTEEL,Mar 2016,ROE,-1.136467575230952,6.55,7.69,Version Difference
TATASTEEL,Mar 2017,ROE,-11.023559586451254,6.55,17.57,Version Difference
TATASTEEL,Mar 2018,ROE,29.148527213287117,6.55,22.6,Version Difference
TATASTEEL,Mar 2019,ROE,13.234675371780922,6.55,6.68,Version Difference
TATASTEEL,Mar 2022,ROE,36.48016916718366,6.55,29.93,Version Difference
TATASTEEL,Mar 2024,ROE,-5.334926929972293,6.55,11.88,Version Difference
TCS,Mar 2013,ROE,36.51740777253152,0.52,36.0,Version Difference
TCS,Mar 2014,ROE,39.29667649151337,0.52,38.78,Version Difference
TCS,Mar 2015,ROE,39.616865804285574,0.52,39.1,Version Difference
TCS,Mar 2016,ROE,34.2441467807294,0.52,33.72,Version Difference
TCS,Mar 2017,ROE,30.571600900085834,0.52,30.05,Version Difference
TCS,Mar 2018,ROE,30.401278075368854,0.52,29.88,Version Difference
TCS,Mar 2019,ROE,35.28609440332715,0.52,34.77,Version Difference
TCS,Mar 2020,ROE,38.56952666238737,0.52,38.05,Version Difference
TCS,Mar 2021,ROE,37.67311096456215,0.52,37.15,Version Difference
TCS,Mar 2022,ROE,43.13375739014349,0.52,42.61,Version Difference
TCS,Mar 2023,ROE,46.7829337344068,0.52,46.26,Version Difference
TCS,Mar 2024,ROE,50.944313673485176,0.52,50.42,Version Difference
TECHM,Mar 2013,ROE,24.087725764835973,8.63,15.46,Version Difference
TECHM,Mar 2014,ROE,33.34785449793073,8.63,24.72,Version Difference
TECHM,Mar 2015,ROE,21.70966688438929,8.63,13.08,Version Difference
TECHM,Mar 2016,ROE,20.745665136042764,8.63,12.12,Version Difference
TECHM,Mar 2017,ROE,17.34501429701284,8.63,8.72,Version Difference
TECHM,Mar 2018,ROE,20.092341983760548,8.63,11.46,Version Difference
TECHM,Mar 2019,ROE,21.143702243036728,8.63,12.51,Version Difference
TECHM,Mar 2020,ROE,17.865493054600467,8.63,9.24,Version Difference
TECHM,Mar 2021,ROE,17.506535290569072,8.63,8.88,Version Difference
TECHM,Mar 2022,ROE,20.940266309603512,8.63,12.31,Version Difference
TECHM,Mar 2023,ROE,17.3936398796734,8.63,8.76,Version Difference
TITAN,Mar 2015,ROE,26.459143968871597,32.9,6.44,Version Difference
TITAN,Mar 2016,ROE,19.24721984602224,32.9,13.65,Version Difference
TITAN,Mar 2017,ROE,16.46586345381526,32.9,16.43,Version Difference
TITAN,Mar 2018,ROE,21.650294695481335,32.9,11.25,Version Difference
TITAN,Mar 2019,ROE,22.8830313014827,32.9,10.02,Version Difference
TITAN,Mar 2020,ROE,22.38716449242765,32.9,10.51,Version Difference
TITAN,Mar 2021,ROE,12.99186341203148,32.9,19.91,Version Difference
TITAN,Mar 2022,ROE,23.6267870579383,32.9,9.27,Version Difference
TITAN,Mar 2023,ROE,27.626360644671337,32.9,5.27,Version Difference
TORNTPHARM,Mar 2013,ROE,30.590717299578056,24.2,6.39,Version Difference
TORNTPHARM,Mar 2014,ROE,34.8922753547031,24.2,10.69,Version Difference
TORNTPHARM,Mar 2015,ROE,30.148534725010034,24.2,5.95,Version Difference
TORNTPHARM,Mar 2016,ROE,49.59931310818546,24.2,25.4,Version Difference
TORNTPHARM,Mar 2018,ROE,14.665801427644388,24.2,9.53,Version Difference
TORNTPHARM,Mar 2019,ROE,9.227513227513228,24.2,14.97,Version Difference
TORNTPHARM,Mar 2022,ROE,13.052242566773057,24.2,11.15,Version Difference
TRENT,Mar 2013,ROE,-2.1933387489845653,27.2,29.39,Version Difference
TRENT,Mar 2014,ROE,-1.917255297679112,27.2,29.12,Version Difference
TRENT,Mar 2015,ROE,9.071729957805907,27.2,18.13,Version Difference
TRENT,Mar 2016,ROE,3.7568306010928962,27.2,23.44,Version Difference
TRENT,Mar 2017,ROE,5.4945054945054945,27.2,21.71,Version Difference
TRENT,Mar 2018,ROE,5.454545454545454,27.2,21.75,Version Difference
TRENT,Mar 2019,ROE,5.771567436208992,27.2,21.43,Version Difference
TRENT,Mar 2020,ROE,4.438860971524288,27.2,22.76,Version Difference
TRENT,Mar 2021,ROE,-7.825335062689148,27.2,35.03,Version Difference
TRENT,Mar 2022,ROE,1.4805414551607445,27.2,25.72,Version Difference
TRENT,Mar 2023,ROE,15.177195685670261,27.2,12.02,Version Difference
TRENT,Mar 2024,ROE,36.30776794493609,27.2,9.11,Version Difference
